0 info it worked if it ends with ok
1 verbose cli [ '/usr/local/bin/node', '/usr/local/bin/npm', 'publish' ]
2 info using npm@4.0.5
3 info using node@v6.9.2
4 verbose publish [ '.' ]
5 silly cache add args [ '.', null ]
6 verbose cache add spec .
7 silly cache add parsed spec Result {
7 silly cache add   raw: '.',
7 silly cache add   scope: null,
7 silly cache add   escapedName: null,
7 silly cache add   name: null,
7 silly cache add   rawSpec: '.',
7 silly cache add   spec: '/var/www/platzi_js_definitivo/fundamentos_js/platzom',
7 silly cache add   type: 'directory' }
8 verbose addLocalDirectory /home/alberto/.npm/platzom/0.1.0/package.tgz not in flight; packing
9 verbose correctMkdir /home/alberto/.npm correctMkdir not in flight; initializing
10 info lifecycle platzom@0.1.0~prepublish: platzom@0.1.0
11 silly lifecycle platzom@0.1.0~prepublish: no script for prepublish, continuing
12 info lifecycle platzom@0.1.0~prepare: platzom@0.1.0
13 silly lifecycle platzom@0.1.0~prepare: no script for prepare, continuing
14 verbose tar pack [ '/home/alberto/.npm/platzom/0.1.0/package.tgz',
14 verbose tar pack   '/var/www/platzi_js_definitivo/fundamentos_js/platzom' ]
15 verbose tarball /home/alberto/.npm/platzom/0.1.0/package.tgz
16 verbose folder /var/www/platzi_js_definitivo/fundamentos_js/platzom
17 verbose addLocalTarball adding from inside cache /home/alberto/.npm/platzom/0.1.0/package.tgz
18 verbose correctMkdir /home/alberto/.npm correctMkdir not in flight; initializing
19 silly cache afterAdd platzom@0.1.0
20 verbose afterAdd /home/alberto/.npm/platzom/0.1.0/package/package.json not in flight; writing
21 verbose correctMkdir /home/alberto/.npm correctMkdir not in flight; initializing
22 verbose afterAdd /home/alberto/.npm/platzom/0.1.0/package/package.json written
23 silly publish { name: 'platzom',
23 silly publish   version: '0.1.0',
23 silly publish   description: 'Traductor de idioma Platzom',
23 silly publish   main: 'dist/src/platzom.js',
23 silly publish   scripts: { build: 'babel src/platzom.js -d dist', test: 'mocha' },
23 silly publish   repository:
23 silly publish    { type: 'git',
23 silly publish      url: 'git+https://github.com/albertofragoso/platzom.git' },
23 silly publish   keywords: [ 'platzom', 'platzi', 'fundamentos', 'javascript', 'js' ],
23 silly publish   author: { name: 'Alberto Fragoso' },
23 silly publish   license: 'MIT',
23 silly publish   devDependencies:
23 silly publish    { 'babel-cli': '^6.24.1',
23 silly publish      'babel-preset-env': '^1.4.0',
23 silly publish      chai: '^3.5.0',
23 silly publish      mocha: '^3.2.0' },
23 silly publish   readme: '# Platzom\n\nPlatzom es un idioma inventado para el [Curso de Fundamentos de JavaScript](https://platzi.com/js) de [Platzi](https://platzi.com).\n\n## Descripción del idioma\n\n- Si la palabra original es un palíndromo, ninguna regla anterior cuenta y se devuelve la misma palabra intercalando mayúsculas y minúsculas.\n\n- Si la palabra termina en "ar", se le quitan esos dos caracteres.\n\n- Si la palabra inicia con Z, se le añade "pe" al final.\n\n- Si la palabra traducida tiene 10 o más letras, se debe partir a la mitad y unir con un guión del medio.\n\n## Instalación\n\n```\nnpm install platzom\n```\n\n## Uso\n\n```\nimport platzom from \'platzom\'\n\nplatzom("Programar") // Program\nplatzom("Zorro") // Zorrope\nplatzom("Zarpar") // Zarppe\nplatzom("abecedario") // abece-dario\nplatzom("sometemos") // SoMeTeMoS\n```\n\n## Créditos\n\n- [Alberto Fragoso](https://facebook.com/yeahbetoyeah)\n\n## Licencia\n\n[MIT](https://opensource.org/licenses/MIT)\n',
23 silly publish   readmeFilename: 'README.md',
23 silly publish   gitHead: '59ed4d1aa351b5460458479fd14d1f49bb7a0110',
23 silly publish   bugs: { url: 'https://github.com/albertofragoso/platzom/issues' },
23 silly publish   homepage: 'https://github.com/albertofragoso/platzom#readme',
23 silly publish   _id: 'platzom@0.1.0',
23 silly publish   _shasum: 'd640452f6c7b204701670c78e7932106015853f7',
23 silly publish   _from: '.' }
24 info lifecycle platzom@0.1.0~prepublishOnly: platzom@0.1.0
25 silly lifecycle platzom@0.1.0~prepublishOnly: no script for prepublishOnly, continuing
26 verbose getPublishConfig undefined
27 silly mapToRegistry name platzom
28 silly mapToRegistry using default registry
29 silly mapToRegistry registry https://registry.npmjs.org/
30 silly mapToRegistry data Result {
30 silly mapToRegistry   raw: 'platzom',
30 silly mapToRegistry   scope: null,
30 silly mapToRegistry   escapedName: 'platzom',
30 silly mapToRegistry   name: 'platzom',
30 silly mapToRegistry   rawSpec: '',
30 silly mapToRegistry   spec: 'latest',
30 silly mapToRegistry   type: 'tag' }
31 silly mapToRegistry uri https://registry.npmjs.org/platzom
32 verbose publish registryBase https://registry.npmjs.org/
33 silly publish uploading /home/alberto/.npm/platzom/0.1.0/package.tgz
34 verbose request uri https://registry.npmjs.org/platzom
35 verbose request sending authorization for write operation
36 info attempt registry request try #1 at 14:12:08
37 verbose request using bearer token for auth
38 verbose request id 7ec1ef0605628eef
39 http request PUT https://registry.npmjs.org/platzom
40 http 403 https://registry.npmjs.org/platzom
41 verbose headers { 'content-type': 'application/json',
41 verbose headers   'cache-control': 'max-age=300',
41 verbose headers   'content-length': '101',
41 verbose headers   'accept-ranges': 'bytes',
41 verbose headers   date: 'Tue, 18 Apr 2017 19:11:42 GMT',
41 verbose headers   via: '1.1 varnish',
41 verbose headers   connection: 'keep-alive',
41 verbose headers   'x-served-by': 'cache-lax8639-LAX',
41 verbose headers   'x-cache': 'MISS',
41 verbose headers   'x-cache-hits': '0',
41 verbose headers   'x-timer': 'S1492542702.320087,VS0,VE167',
41 verbose headers   vary: 'Accept-Encoding' }
42 verbose request invalidating /home/alberto/.npm/registry.npmjs.org/platzom on PUT
43 error publish Failed PUT 403
44 verbose stack Error: you do not have permission to publish "platzom". Are you logged in as the correct user? : platzom
44 verbose stack     at makeError (/usr/local/lib/node_modules/npm/node_modules/npm-registry-client/lib/request.js:302:12)
44 verbose stack     at CachingRegistryClient.<anonymous> (/usr/local/lib/node_modules/npm/node_modules/npm-registry-client/lib/request.js:290:14)
44 verbose stack     at Request._callback (/usr/local/lib/node_modules/npm/node_modules/npm-registry-client/lib/request.js:210:14)
44 verbose stack     at Request.self.callback (/usr/local/lib/node_modules/npm/node_modules/request/request.js:186:22)
44 verbose stack     at emitTwo (events.js:106:13)
44 verbose stack     at Request.emit (events.js:191:7)
44 verbose stack     at Request.<anonymous> (/usr/local/lib/node_modules/npm/node_modules/request/request.js:1081:10)
44 verbose stack     at emitOne (events.js:96:13)
44 verbose stack     at Request.emit (events.js:188:7)
44 verbose stack     at IncomingMessage.<anonymous> (/usr/local/lib/node_modules/npm/node_modules/request/request.js:1001:12)
45 verbose statusCode 403
46 verbose pkgid platzom
47 verbose cwd /var/www/platzi_js_definitivo/fundamentos_js/platzom
48 error Linux 3.13.0-49-generic
49 error argv "/usr/local/bin/node" "/usr/local/bin/npm" "publish"
50 error node v6.9.2
51 error npm  v4.0.5
52 error code E403
53 error you do not have permission to publish "platzom". Are you logged in as the correct user? : platzom
54 error If you need help, you may report this error at:
54 error     <https://github.com/npm/npm/issues>
55 verbose exit [ 1, true ]
